[21:13:41] Experiment 40: CROW-Style Layer Transition Analysis
[21:13:41] Prompts: 4 | Models: M1 vs M2
[21:13:41] Layers: [30, 35, 40, 45, 50]
[21:13:41] Modules: 5 per request
[21:13:41] ======================================================================
[21:13:41] 
--- dormant-model-1 ---
[21:15:08] Got 4 results
[21:15:08]   baseline L30: shape=(9, 3072), last_l2=122.3600
[21:15:08]   baseline L35: shape=(9, 3072), last_l2=108.3324
[21:15:08]   baseline L40: shape=(9, 3072), last_l2=97.2707
[21:15:08]   baseline L45: shape=(9, 3072), last_l2=89.8266
[21:15:08]   baseline L50: shape=(9, 3072), last_l2=64.3139
[21:15:08]   helpful_asst L30: shape=(15, 3072), last_l2=133.2511
[21:15:08]   helpful_asst L35: shape=(15, 3072), last_l2=113.5572
[21:15:08]   helpful_asst L40: shape=(15, 3072), last_l2=106.8846
[21:15:08]   helpful_asst L45: shape=(15, 3072), last_l2=100.3115
[21:15:08]   helpful_asst L50: shape=(15, 3072), last_l2=64.9526
[21:15:08]   mt_ready L30: shape=(20, 3072), last_l2=140.9048
[21:15:08]   mt_ready L35: shape=(20, 3072), last_l2=121.5891
[21:15:08]   mt_ready L40: shape=(20, 3072), last_l2=118.8983
[21:15:08]   mt_ready L45: shape=(20, 3072), last_l2=113.0311
[21:15:08]   mt_ready L50: shape=(20, 3072), last_l2=80.5481
[21:15:08]   authority L30: shape=(13, 3072), last_l2=131.5056
[21:15:08]   authority L35: shape=(13, 3072), last_l2=111.7192
[21:15:08]   authority L40: shape=(13, 3072), last_l2=113.8280
[21:15:08]   authority L45: shape=(13, 3072), last_l2=94.7945
[21:15:08]   authority L50: shape=(13, 3072), last_l2=69.7440
[21:15:08] 
--- dormant-model-2 ---
[21:17:08] Got 4 results
[21:17:08]   baseline L30: shape=(9, 3072), last_l2=116.0480
[21:17:08]   baseline L35: shape=(9, 3072), last_l2=110.3830
[21:17:08]   baseline L40: shape=(9, 3072), last_l2=91.9830
[21:17:08]   baseline L45: shape=(9, 3072), last_l2=74.0202
[21:17:08]   baseline L50: shape=(9, 3072), last_l2=59.9476
[21:17:08]   helpful_asst L30: shape=(15, 3072), last_l2=121.2139
[21:17:08]   helpful_asst L35: shape=(15, 3072), last_l2=117.0859
[21:17:08]   helpful_asst L40: shape=(15, 3072), last_l2=98.3421
[21:17:08]   helpful_asst L45: shape=(15, 3072), last_l2=81.3404
[21:17:08]   helpful_asst L50: shape=(15, 3072), last_l2=62.6413
[21:17:08]   mt_ready L30: shape=(20, 3072), last_l2=129.7026
[21:17:08]   mt_ready L35: shape=(20, 3072), last_l2=120.8586
[21:17:08]   mt_ready L40: shape=(20, 3072), last_l2=112.4802
[21:17:08]   mt_ready L45: shape=(20, 3072), last_l2=93.5435
[21:17:08]   mt_ready L50: shape=(20, 3072), last_l2=73.3374
[21:17:08]   authority L30: shape=(13, 3072), last_l2=125.3795
[21:17:08]   authority L35: shape=(13, 3072), last_l2=113.4656
[21:17:08]   authority L40: shape=(13, 3072), last_l2=99.8945
[21:17:08]   authority L45: shape=(13, 3072), last_l2=74.1117
[21:17:08]   authority L50: shape=(13, 3072), last_l2=64.9267
[21:17:08] 
======================================================================
[21:17:08] CROW ANALYSIS: Layer-to-Layer Cosine Similarity
[21:17:08] ======================================================================
[21:17:08] 
--- baseline ---
[21:17:08] 
  [1] Norms: L30=122.4, L35=108.3, L40=97.3, L45=89.8, L50=64.3
[21:17:08]   [1] Transitions: L30->L35=0.0019, L35->L40=-0.0640, L40->L45=0.0735, L45->L50=-0.2000
[21:17:08] 
  [2] Norms: L30=116.0, L35=110.4, L40=92.0, L45=74.0, L50=59.9
[21:17:08]   [2] Transitions: L30->L35=0.0235, L35->L40=-0.0866, L40->L45=0.0820, L45->L50=-0.1726
[21:17:08] 
--- helpful_asst ---
[21:17:08] 
  [1] Norms: L30=133.3, L35=113.6, L40=106.9, L45=100.3, L50=65.0
[21:17:08]   [1] Transitions: L30->L35=0.0074, L35->L40=-0.0677, L40->L45=0.0528, L45->L50=-0.2077
[21:17:08] 
  [2] Norms: L30=121.2, L35=117.1, L40=98.3, L45=81.3, L50=62.6
[21:17:08]   [2] Transitions: L30->L35=0.0283, L35->L40=-0.0802, L40->L45=0.0570, L45->L50=-0.1802
[21:17:08] 
--- mt_ready ---
[21:17:08] 
  [1] Norms: L30=140.9, L35=121.6, L40=118.9, L45=113.0, L50=80.5
[21:17:08]   [1] Transitions: L30->L35=0.0223, L35->L40=0.0186, L40->L45=0.0615, L45->L50=-0.2049
[21:17:08] 
  [2] Norms: L30=129.7, L35=120.9, L40=112.5, L45=93.5, L50=73.3
[21:17:08]   [2] Transitions: L30->L35=0.0357, L35->L40=0.0266, L40->L45=0.0494, L45->L50=-0.2015
[21:17:08] 
--- authority ---
[21:17:08] 
  [1] Norms: L30=131.5, L35=111.7, L40=113.8, L45=94.8, L50=69.7
[21:17:08]   [1] Transitions: L30->L35=0.0300, L35->L40=-0.0087, L40->L45=0.0520, L45->L50=-0.2134
[21:17:08] 
  [2] Norms: L30=125.4, L35=113.5, L40=99.9, L45=74.1, L50=64.9
[21:17:08]   [2] Transitions: L30->L35=0.0286, L35->L40=-0.0232, L40->L45=0.0658, L45->L50=-0.2131
[21:17:08] 
======================================================================
[21:17:08] M1 vs M2 COMPARISON
[21:17:08] ======================================================================
[21:17:08] 
  baseline:
[21:17:08]     L30->L35: M1=0.0019 M2=0.0235 diff=0.0217 * interesting *
[21:17:08]     L35->L40: M1=-0.0640 M2=-0.0866 diff=0.0226 * interesting *
[21:17:08]     L40->L45: M1=0.0735 M2=0.0820 diff=0.0084
[21:17:08]     L45->L50: M1=-0.2000 M2=-0.1726 diff=0.0274 * interesting *
[21:17:08]     L45 norm ratio: 1.214 ***
[21:17:08] 
  helpful_asst:
[21:17:08]     L30->L35: M1=0.0074 M2=0.0283 diff=0.0210 * interesting *
[21:17:08]     L35->L40: M1=-0.0677 M2=-0.0802 diff=0.0125
[21:17:08]     L40->L45: M1=0.0528 M2=0.0570 diff=0.0042
[21:17:08]     L45->L50: M1=-0.2077 M2=-0.1802 diff=0.0275 * interesting *
[21:17:08]     L45 norm ratio: 1.233 ***
[21:17:08] 
  mt_ready:
[21:17:08]     L30->L35: M1=0.0223 M2=0.0357 diff=0.0134
[21:17:08]     L35->L40: M1=0.0186 M2=0.0266 diff=0.0080
[21:17:08]     L40->L45: M1=0.0615 M2=0.0494 diff=0.0122
[21:17:08]     L45->L50: M1=-0.2049 M2=-0.2015 diff=0.0035
[21:17:08]     L45 norm ratio: 1.208 ***
[21:17:08] 
  authority:
[21:17:08]     L30->L35: M1=0.0300 M2=0.0286 diff=0.0014
[21:17:08]     L35->L40: M1=-0.0087 M2=-0.0232 diff=0.0145
[21:17:08]     L40->L45: M1=0.0520 M2=0.0658 diff=0.0137
[21:17:08]     L45->L50: M1=-0.2134 M2=-0.2131 diff=0.0004
[21:17:08]     L45 norm ratio: 1.279 ***
[21:17:08] 
======================================================================
[21:17:08] SUMMARY
[21:17:08] ======================================================================
[21:17:08] 
4 anomalies:
[21:17:08]   - NORM baseline L45: ratio=1.214
[21:17:08]   - NORM helpful_asst L45: ratio=1.233
[21:17:08]   - NORM mt_ready L45: ratio=1.208
[21:17:08]   - NORM authority L45: ratio=1.279
[21:17:08] 
Data saved to /Users/austindanson/Desktop/jane-street-2026-02-24/results/exp40_crow.json
[21:17:08] EXPERIMENT 40 COMPLETE
