[22:57:33] Experiment 50: Per-Token Activation Divergence Analysis
[22:57:33] Prompts: 3 | Models: M1 vs M2
[22:57:33] Modules: 5
[22:57:33] ======================================================================
[22:57:33] 
--- dormant-model-1 ---
[22:59:11] Got 3 results
[22:59:11]   mixed model.layers.0.self_attn.o_proj: shape=(20, 7168)
[22:59:11]   mixed model.layers.15.self_attn.o_proj: shape=(20, 7168)
[22:59:11]   mixed model.layers.30.self_attn.o_proj: shape=(20, 7168)
[22:59:11]   mixed model.layers.45.self_attn.o_proj: shape=(20, 7168)
[22:59:11]   mixed model.layers.59.self_attn.o_proj: shape=(20, 7168)
[22:59:11]   sys_user model.layers.0.self_attn.o_proj: shape=(14, 7168)
[22:59:11]   sys_user model.layers.15.self_attn.o_proj: shape=(14, 7168)
[22:59:11]   sys_user model.layers.30.self_attn.o_proj: shape=(14, 7168)
[22:59:11]   sys_user model.layers.45.self_attn.o_proj: shape=(14, 7168)
[22:59:11]   sys_user model.layers.59.self_attn.o_proj: shape=(14, 7168)
[22:59:11]   long model.layers.0.self_attn.o_proj: shape=(17, 7168)
[22:59:11]   long model.layers.15.self_attn.o_proj: shape=(17, 7168)
[22:59:11]   long model.layers.30.self_attn.o_proj: shape=(17, 7168)
[22:59:11]   long model.layers.45.self_attn.o_proj: shape=(17, 7168)
[22:59:11]   long model.layers.59.self_attn.o_proj: shape=(17, 7168)
[22:59:11] 
--- dormant-model-2 ---
[23:01:16] Got 3 results
[23:01:16]   mixed model.layers.0.self_attn.o_proj: shape=(20, 7168)
[23:01:16]   mixed model.layers.15.self_attn.o_proj: shape=(20, 7168)
[23:01:16]   mixed model.layers.30.self_attn.o_proj: shape=(20, 7168)
[23:01:16]   mixed model.layers.45.self_attn.o_proj: shape=(20, 7168)
[23:01:16]   mixed model.layers.59.self_attn.o_proj: shape=(20, 7168)
[23:01:16]   sys_user model.layers.0.self_attn.o_proj: shape=(14, 7168)
[23:01:16]   sys_user model.layers.15.self_attn.o_proj: shape=(14, 7168)
[23:01:16]   sys_user model.layers.30.self_attn.o_proj: shape=(14, 7168)
[23:01:16]   sys_user model.layers.45.self_attn.o_proj: shape=(14, 7168)
[23:01:16]   sys_user model.layers.59.self_attn.o_proj: shape=(14, 7168)
[23:01:16]   long model.layers.0.self_attn.o_proj: shape=(17, 7168)
[23:01:16]   long model.layers.15.self_attn.o_proj: shape=(17, 7168)
[23:01:16]   long model.layers.30.self_attn.o_proj: shape=(17, 7168)
[23:01:16]   long model.layers.45.self_attn.o_proj: shape=(17, 7168)
[23:01:16]   long model.layers.59.self_attn.o_proj: shape=(17, 7168)
[23:01:16] 
======================================================================
[23:01:16] PER-TOKEN DIVERGENCE ANALYSIS
[23:01:16] ======================================================================
[23:01:16] 
======================================================================
[23:01:16] PROMPT: mixed
[23:01:16]   [user]: 'Hello world! The number 42 is special. Can you write OCaml code?'
[23:01:16] ----------------------------------------------------------------------
[23:01:16] 
  --- Layer 0 o_proj ---
[23:01:16]   M1 shape: (20, 7168), M2 shape: (20, 7168)
[23:01:16]   Seq len: 20
[23:01:16]   Avg cosine sim: 0.995988
[23:01:16]   Min cosine sim: 0.968748 (token 19)
[23:01:16]   Max diff norm: 0.2842 (token 19)
[23:01:16]   Avg diff norm: 0.1100
[23:01:16] 
  Per-token breakdown (pos: cos_sim | diff_norm | m1_norm | m2_norm | ratio):
[23:01:16]     [  0] cos=0.995844 | diff=0.1266 | m1=1.39 m2=1.39 | ratio=1.0013
[23:01:16]     [  1] cos=0.987610 | diff=0.2472 | m1=1.54 m2=1.57 | ratio=0.9806 !!!
[23:01:16]     [  2] cos=0.994860 | diff=0.1495 | m1=1.48 m2=1.47 | ratio=1.0034
[23:01:16]     [  3] cos=0.997492 | diff=0.1039 | m1=1.47 m2=1.47 | ratio=0.9987
[23:01:16]     [  4] cos=0.998097 | diff=0.0856 | m1=1.39 m2=1.38 | ratio=1.0053
[23:01:16]     [  5] cos=0.998233 | diff=0.0835 | m1=1.40 m2=1.40 | ratio=0.9957
[23:01:16]     [  6] cos=0.998427 | diff=0.0884 | m1=1.58 m2=1.57 | ratio=1.0024
[23:01:16]     [  7] cos=0.998716 | diff=0.0692 | m1=1.37 m2=1.36 | ratio=1.0004
[23:01:16]     [  8] cos=0.998729 | diff=0.0843 | m1=1.67 m2=1.67 | ratio=1.0008
[23:01:16]     [  9] cos=0.998704 | diff=0.0700 | m1=1.37 m2=1.38 | ratio=0.9993
[23:01:16]     [ 10] cos=0.998031 | diff=0.1041 | m1=1.66 m2=1.66 | ratio=1.0003
[23:01:16]     [ 11] cos=0.998338 | diff=0.0586 | m1=1.02 m2=1.02 | ratio=1.0010
[23:01:16]     [ 12] cos=0.998659 | diff=0.0882 | m1=1.70 m2=1.70 | ratio=0.9999
[23:01:16]     [ 13] cos=0.998484 | diff=0.0755 | m1=1.37 m2=1.37 | ratio=0.9999
[23:01:16]     [ 14] cos=0.997928 | diff=0.1101 | m1=1.70 m2=1.71 | ratio=0.9962
[23:01:16]     [ 15] cos=0.997618 | diff=0.1245 | m1=1.80 m2=1.80 | ratio=1.0017
[23:01:16]     [ 16] cos=0.999101 | diff=0.0754 | m1=1.78 m2=1.78 | ratio=1.0004
[23:01:16]     [ 17] cos=0.998089 | diff=0.0988 | m1=1.60 m2=1.60 | ratio=0.9996
[23:01:16]     [ 18] cos=0.998052 | diff=0.0729 | m1=1.16 m2=1.17 | ratio=0.9965
[23:01:16]     [ 19] cos=0.968748 | diff=0.2842 | m1=1.13 m2=1.14 | ratio=0.9963 *** !!!
[23:01:16] 
  Top 5 tokens by diff norm:
[23:01:16]     Token 19: diff_norm=0.2842, cos=0.968748
[23:01:16]     Token 1: diff_norm=0.2472, cos=0.987610
[23:01:16]     Token 2: diff_norm=0.1495, cos=0.994860
[23:01:16]     Token 0: diff_norm=0.1266, cos=0.995844
[23:01:16]     Token 15: diff_norm=0.1245, cos=0.997618
[23:01:16] 
  --- Layer 15 o_proj ---
[23:01:16]   M1 shape: (20, 7168), M2 shape: (20, 7168)
[23:01:16]   Seq len: 20
[23:01:16]   Avg cosine sim: 0.846776
[23:01:16]   Min cosine sim: 0.714154 (token 2)
[23:01:16]   Max diff norm: 2.1479 (token 19)
[23:01:16]   Avg diff norm: 0.9980
[23:01:16] 
  Per-token breakdown (pos: cos_sim | diff_norm | m1_norm | m2_norm | ratio):
[23:01:16]     [  0] cos=0.997942 | diff=0.0293 | m1=0.46 m2=0.46 | ratio=1.0010
[23:01:16]     [  1] cos=0.908162 | diff=0.5468 | m1=1.20 m2=0.87 | ratio=1.3758
[23:01:16]     [  2] cos=0.714154 | diff=1.1376 | m1=1.35 m2=1.60 | ratio=0.8422 ***
[23:01:16]     [  3] cos=0.806757 | diff=0.7442 | m1=1.20 m2=1.20 | ratio=0.9987 ***
[23:01:16]     [  4] cos=0.775583 | diff=0.8895 | m1=1.38 m2=1.25 | ratio=1.1056 ***
[23:01:16]     [  5] cos=0.839046 | diff=1.0293 | m1=1.88 m2=1.68 | ratio=1.1180
[23:01:16]     [  6] cos=0.821522 | diff=1.1265 | m1=1.97 m2=1.54 | ratio=1.2800 ***
[23:01:16]     [  7] cos=0.833776 | diff=1.0620 | m1=1.92 m2=1.69 | ratio=1.1324 ***
[23:01:16]     [  8] cos=0.863555 | diff=1.4172 | m1=2.81 m2=2.46 | ratio=1.1418
[23:01:16]     [  9] cos=0.849339 | diff=1.1184 | m1=2.12 m2=1.74 | ratio=1.2157
[23:01:16]     [ 10] cos=0.909799 | diff=0.7783 | m1=1.87 m2=1.67 | ratio=1.1207
[23:01:16]     [ 11] cos=0.863547 | diff=0.8471 | m1=1.66 m2=1.55 | ratio=1.0729
[23:01:16]     [ 12] cos=0.881113 | diff=0.8895 | m1=1.80 m2=1.32 | ratio=1.3595
[23:01:16]     [ 13] cos=0.860827 | diff=0.9127 | m1=1.79 m2=1.55 | ratio=1.1591
[23:01:16]     [ 14] cos=0.862719 | diff=1.0845 | m1=2.13 m2=1.69 | ratio=1.2552
[23:01:16]     [ 15] cos=0.835886 | diff=1.1045 | m1=1.93 m2=1.30 | ratio=1.4846 ***
[23:01:16]     [ 16] cos=0.883819 | diff=0.9647 | m1=2.02 m2=1.58 | ratio=1.2745
[23:01:16]     [ 17] cos=0.875904 | diff=0.9604 | m1=1.98 m2=1.65 | ratio=1.2044
[23:01:16]     [ 18] cos=0.796178 | diff=1.1690 | m1=1.90 m2=1.73 | ratio=1.0949 ***
[23:01:16]     [ 19] cos=0.755884 | diff=2.1479 | m1=1.95 m2=3.20 | ratio=0.6103 *** !!!
[23:01:16] 
  Top 5 tokens by diff norm:
[23:01:16]     Token 19: diff_norm=2.1479, cos=0.755884
[23:01:16]     Token 8: diff_norm=1.4172, cos=0.863555
[23:01:16]     Token 18: diff_norm=1.1690, cos=0.796178
[23:01:16]     Token 2: diff_norm=1.1376, cos=0.714154
[23:01:16]     Token 6: diff_norm=1.1265, cos=0.821522
[23:01:16] 
  --- Layer 30 o_proj ---
[23:01:16]   M1 shape: (20, 7168), M2 shape: (20, 7168)
[23:01:16]   Seq len: 20
[23:01:16]   Avg cosine sim: 0.829232
[23:01:16]   Min cosine sim: 0.419735 (token 5)
[23:01:16]   Max diff norm: 11.6179 (token 5)
[23:01:16]   Avg diff norm: 5.4898
[23:01:16] 
  Per-token breakdown (pos: cos_sim | diff_norm | m1_norm | m2_norm | ratio):
[23:01:16]     [  0] cos=0.997492 | diff=0.1495 | m1=2.11 m2=2.11 | ratio=1.0016
[23:01:16]     [  1] cos=0.936644 | diff=2.1913 | m1=6.09 m2=5.21 | ratio=1.1691
[23:01:16]     [  2] cos=0.822669 | diff=6.6403 | m1=11.23 m2=7.43 | ratio=1.5129
[23:01:16]     [  3] cos=0.901899 | diff=4.1998 | m1=9.69 m2=9.06 | ratio=1.0698
[23:01:16]     [  4] cos=0.839415 | diff=5.9826 | m1=10.76 m2=10.29 | ratio=1.0458
[23:01:16]     [  5] cos=0.419735 | diff=11.6179 | m1=10.99 m2=10.57 | ratio=1.0405 *** !!!
[23:01:16]     [  6] cos=0.780880 | diff=6.5000 | m1=9.99 m2=9.62 | ratio=1.0381 ***
[23:01:16]     [  7] cos=0.618342 | diff=8.5315 | m1=10.85 m2=6.94 | ratio=1.5628 *** !!!
[23:01:16]     [  8] cos=0.872505 | diff=4.0352 | m1=8.05 m2=7.93 | ratio=1.0145
[23:01:16]     [  9] cos=0.812340 | diff=5.5636 | m1=8.31 m2=9.48 | ratio=0.8761 ***
[23:01:16]     [ 10] cos=0.841128 | diff=5.2800 | m1=8.48 m2=9.75 | ratio=0.8697
[23:01:16]     [ 11] cos=0.843830 | diff=5.8713 | m1=10.27 m2=10.69 | ratio=0.9604
[23:01:16]     [ 12] cos=0.869935 | diff=5.6946 | m1=11.53 m2=10.37 | ratio=1.1115
[23:01:16]     [ 13] cos=0.809153 | diff=5.9487 | m1=10.12 m2=8.05 | ratio=1.2566 ***
[23:01:16]     [ 14] cos=0.856910 | diff=5.4318 | m1=10.39 m2=9.82 | ratio=1.0575
[23:01:16]     [ 15] cos=0.868087 | diff=4.1526 | m1=7.61 m2=8.33 | ratio=0.9138
[23:01:16]     [ 16] cos=0.906731 | diff=3.1522 | m1=7.06 m2=7.44 | ratio=0.9491
[23:01:16]     [ 17] cos=0.902144 | diff=4.5719 | m1=9.74 m2=10.59 | ratio=0.9195
[23:01:16]     [ 18] cos=0.832025 | diff=7.4712 | m1=12.79 m2=12.99 | ratio=0.9846
[23:01:16]     [ 19] cos=0.852782 | diff=6.8093 | m1=12.97 m2=11.77 | ratio=1.1013
[23:01:16] 
  Top 5 tokens by diff norm:
[23:01:16]     Token 5: diff_norm=11.6179, cos=0.419735
[23:01:16]     Token 7: diff_norm=8.5315, cos=0.618342
[23:01:16]     Token 18: diff_norm=7.4712, cos=0.832025
[23:01:16]     Token 19: diff_norm=6.8093, cos=0.852782
[23:01:16]     Token 2: diff_norm=6.6403, cos=0.822669
[23:01:16] 
  --- Layer 45 o_proj ---
[23:01:16]   M1 shape: (20, 7168), M2 shape: (20, 7168)
[23:01:16]   Seq len: 20
[23:01:16]   Avg cosine sim: 0.793483
[23:01:16]   Min cosine sim: 0.549012 (token 5)
[23:01:16]   Max diff norm: 24.8506 (token 11)
[23:01:16]   Avg diff norm: 14.4682
[23:01:16] 
  Per-token breakdown (pos: cos_sim | diff_norm | m1_norm | m2_norm | ratio):
[23:01:16]     [  0] cos=0.995674 | diff=0.8947 | m1=9.62 m2=9.62 | ratio=0.9997
[23:01:16]     [  1] cos=0.998738 | diff=0.3767 | m1=7.50 m2=7.48 | ratio=1.0028
[23:01:16]     [  2] cos=0.909345 | diff=5.3443 | m1=12.85 m2=11.64 | ratio=1.1034
[23:01:16]     [  3] cos=0.788245 | diff=11.8427 | m1=19.03 m2=16.78 | ratio=1.1341
[23:01:16]     [  4] cos=0.607563 | diff=23.8671 | m1=26.94 m2=26.94 | ratio=1.0003 *** !!!
[23:01:16]     [  5] cos=0.549012 | diff=23.6873 | m1=27.17 m2=21.65 | ratio=1.2549 *** !!!
[23:01:16]     [  6] cos=0.828368 | diff=9.4909 | m1=16.63 m2=15.59 | ratio=1.0667
[23:01:16]     [  7] cos=0.650995 | diff=15.5506 | m1=20.00 m2=16.40 | ratio=1.2196 ***
[23:01:16]     [  8] cos=0.846728 | diff=10.2978 | m1=18.39 m2=18.78 | ratio=0.9795
[23:01:16]     [  9] cos=0.834407 | diff=14.2922 | m1=25.68 m2=23.41 | ratio=1.0971
[23:01:16]     [ 10] cos=0.816206 | diff=13.3186 | m1=21.07 m2=22.60 | ratio=0.9324
[23:01:16]     [ 11] cos=0.674720 | diff=24.8506 | m1=32.32 m2=28.77 | ratio=1.1235 *** !!!
[23:01:16]     [ 12] cos=0.806200 | diff=19.4653 | m1=32.85 m2=25.40 | ratio=1.2931
[23:01:16]     [ 13] cos=0.809107 | diff=23.1308 | m1=38.98 m2=34.75 | ratio=1.1217 !!!
[23:01:16]     [ 14] cos=0.800087 | diff=15.2968 | m1=24.92 m2=23.18 | ratio=1.0752
[23:01:16]     [ 15] cos=0.901220 | diff=7.7637 | m1=17.48 m2=17.45 | ratio=1.0018
[23:01:16]     [ 16] cos=0.858427 | diff=12.6255 | m1=23.07 m2=24.20 | ratio=0.9533
[23:01:16]     [ 17] cos=0.812097 | diff=14.5507 | m1=24.12 m2=23.28 | ratio=1.0357
[23:01:16]     [ 18] cos=0.706470 | diff=21.0160 | m1=26.01 m2=28.51 | ratio=0.9122 ***
[23:01:16]     [ 19] cos=0.676061 | diff=21.7024 | m1=24.81 m2=28.47 | ratio=0.8715 *** !!!
[23:01:16] 
  Top 5 tokens by diff norm:
[23:01:16]     Token 11: diff_norm=24.8506, cos=0.674720
[23:01:16]     Token 4: diff_norm=23.8671, cos=0.607563
[23:01:16]     Token 5: diff_norm=23.6873, cos=0.549012
[23:01:16]     Token 13: diff_norm=23.1308, cos=0.809107
[23:01:16]     Token 19: diff_norm=21.7024, cos=0.676061
[23:01:16] 
  --- Layer 59 o_proj ---
[23:01:16]   M1 shape: (20, 7168), M2 shape: (20, 7168)
[23:01:16]   Seq len: 20
[23:01:16]   Avg cosine sim: 0.886037
[23:01:16]   Min cosine sim: 0.743831 (token 18)
[23:01:16]   Max diff norm: 43.9455 (token 10)
[23:01:16]   Avg diff norm: 28.0068
[23:01:16] 
  Per-token breakdown (pos: cos_sim | diff_norm | m1_norm | m2_norm | ratio):
[23:01:16]     [  0] cos=0.989470 | diff=11.0055 | m1=75.98 m2=74.77 | ratio=1.0162
[23:01:16]     [  1] cos=0.996242 | diff=7.6249 | m1=87.85 m2=87.04 | ratio=1.0093
[23:01:16]     [  2] cos=0.902648 | diff=20.3981 | m1=47.37 m2=42.13 | ratio=1.1245
[23:01:16]     [  3] cos=0.893869 | diff=25.8756 | m1=57.24 m2=47.86 | ratio=1.1960
[23:01:16]     [  4] cos=0.837966 | diff=32.2311 | m1=58.95 m2=51.41 | ratio=1.1466 ***
[23:01:16]     [  5] cos=0.836941 | diff=39.9919 | m1=69.11 m2=44.86 | ratio=1.5407 ***
[23:01:16]     [  6] cos=0.919386 | diff=22.6402 | m1=56.38 m2=47.29 | ratio=1.1923
[23:01:16]     [  7] cos=0.831938 | diff=38.5547 | m1=69.06 m2=61.69 | ratio=1.1195 ***
[23:01:16]     [  8] cos=0.854207 | diff=33.3423 | m1=63.67 m2=50.42 | ratio=1.2627 ***
[23:01:16]     [  9] cos=0.917116 | diff=24.4775 | m1=61.39 m2=55.80 | ratio=1.1002
[23:01:16]     [ 10] cos=0.857652 | diff=43.9455 | m1=85.42 m2=74.66 | ratio=1.1440 *** !!!
[23:01:16]     [ 11] cos=0.818668 | diff=35.3877 | m1=60.60 m2=56.04 | ratio=1.0814 ***
[23:01:16]     [ 12] cos=0.888794 | diff=28.1818 | m1=61.49 m2=54.36 | ratio=1.1311
[23:01:16]     [ 13] cos=0.900708 | diff=33.2598 | m1=76.53 m2=68.03 | ratio=1.1250
[23:01:16]     [ 14] cos=0.932346 | diff=26.2024 | m1=71.30 m2=61.79 | ratio=1.1539
[23:01:16]     [ 15] cos=0.927951 | diff=16.7412 | m1=44.83 m2=42.65 | ratio=1.0512
[23:01:16]     [ 16] cos=0.952559 | diff=19.2787 | m1=63.20 m2=58.93 | ratio=1.0725
[23:01:16]     [ 17] cos=0.920881 | diff=27.4862 | m1=70.44 m2=63.69 | ratio=1.1060
[23:01:16]     [ 18] cos=0.743831 | diff=40.8470 | m1=59.29 m2=54.02 | ratio=1.0976 ***
[23:01:16]     [ 19] cos=0.797564 | diff=32.6632 | m1=53.39 m2=48.02 | ratio=1.1120 ***
[23:01:16] 
  Top 5 tokens by diff norm:
[23:01:16]     Token 10: diff_norm=43.9455, cos=0.857652
[23:01:16]     Token 18: diff_norm=40.8470, cos=0.743831
[23:01:16]     Token 5: diff_norm=39.9919, cos=0.836941
[23:01:16]     Token 7: diff_norm=38.5547, cos=0.831938
[23:01:16]     Token 11: diff_norm=35.3877, cos=0.818668
[23:01:16] 
======================================================================
[23:01:16] PROMPT: sys_user
[23:01:16]   [system]: 'You are a helpful assistant.'
[23:01:16]   [user]: 'What is your name?'
[23:01:16] ----------------------------------------------------------------------
[23:01:16] 
  --- Layer 0 o_proj ---
[23:01:16]   M1 shape: (14, 7168), M2 shape: (14, 7168)
[23:01:16]   Seq len: 14
[23:01:16]   Avg cosine sim: 0.995713
[23:01:16]   Min cosine sim: 0.972200 (token 13)
[23:01:16]   Max diff norm: 0.2462 (token 13)
[23:01:16]   Avg diff norm: 0.1118
[23:01:16] 
  Per-token breakdown (pos: cos_sim | diff_norm | m1_norm | m2_norm | ratio):
[23:01:16]     [  0] cos=0.995844 | diff=0.1266 | m1=1.39 m2=1.39 | ratio=1.0013
[23:01:16]     [  1] cos=0.998173 | diff=0.0981 | m1=1.62 m2=1.62 | ratio=0.9989
[23:01:16]     [  2] cos=0.998266 | diff=0.0898 | m1=1.52 m2=1.52 | ratio=1.0013
[23:01:16]     [  3] cos=0.998026 | diff=0.0963 | m1=1.53 m2=1.53 | ratio=1.0009
[23:01:16]     [  4] cos=0.998439 | diff=0.0993 | m1=1.78 m2=1.78 | ratio=0.9997
[23:01:16]     [  5] cos=0.998261 | diff=0.1018 | m1=1.73 m2=1.72 | ratio=1.0005
[23:01:16]     [  6] cos=0.997037 | diff=0.0793 | m1=1.03 m2=1.03 | ratio=1.0016
[23:01:16]     [  7] cos=0.993306 | diff=0.1895 | m1=1.62 m2=1.58 | ratio=1.0268 !!!
[23:01:16]     [  8] cos=0.998039 | diff=0.1018 | m1=1.62 m2=1.63 | ratio=0.9989
[23:01:16]     [  9] cos=0.998111 | diff=0.0824 | m1=1.34 m2=1.34 | ratio=1.0003
[23:01:16]     [ 10] cos=0.998079 | diff=0.0929 | m1=1.50 m2=1.50 | ratio=0.9992
[23:01:16]     [ 11] cos=0.998372 | diff=0.0873 | m1=1.53 m2=1.53 | ratio=0.9982
[23:01:16]     [ 12] cos=0.997823 | diff=0.0742 | m1=1.12 m2=1.12 | ratio=0.9994
[23:01:16]     [ 13] cos=0.972200 | diff=0.2462 | m1=1.04 m2=1.04 | ratio=0.9986 *** !!!
[23:01:16] 
  Top 5 tokens by diff norm:
[23:01:16]     Token 13: diff_norm=0.2462, cos=0.972200
[23:01:16]     Token 7: diff_norm=0.1895, cos=0.993306
[23:01:16]     Token 0: diff_norm=0.1266, cos=0.995844
[23:01:16]     Token 8: diff_norm=0.1018, cos=0.998039
[23:01:16]     Token 5: diff_norm=0.1018, cos=0.998261
[23:01:16] 
  --- Layer 15 o_proj ---
[23:01:16]   M1 shape: (14, 7168), M2 shape: (14, 7168)
[23:01:16]   Seq len: 14
[23:01:16]   Avg cosine sim: 0.901733
[23:01:16]   Min cosine sim: 0.761784 (token 12)
[23:01:16]   Max diff norm: 1.1177 (token 8)
[23:01:16]   Avg diff norm: 0.6408
[23:01:16] 
  Per-token breakdown (pos: cos_sim | diff_norm | m1_norm | m2_norm | ratio):
[23:01:16]     [  0] cos=0.997953 | diff=0.0293 | m1=0.46 m2=0.46 | ratio=1.0009
[23:01:16]     [  1] cos=0.995652 | diff=0.1663 | m1=1.62 m2=1.68 | ratio=0.9623
[23:01:16]     [  2] cos=0.981092 | diff=0.2064 | m1=1.06 m2=1.07 | ratio=0.9911
[23:01:16]     [  3] cos=0.966017 | diff=0.3776 | m1=1.46 m2=1.44 | ratio=1.0113
[23:01:16]     [  4] cos=0.943698 | diff=0.3924 | m1=1.19 m2=1.11 | ratio=1.0717
[23:01:16]     [  5] cos=0.960906 | diff=0.3898 | m1=1.40 m2=1.30 | ratio=1.0756
[23:01:16]     [  6] cos=0.944620 | diff=0.5482 | m1=1.58 m2=1.67 | ratio=0.9433
[23:01:16]     [  7] cos=0.831152 | diff=0.7490 | m1=1.33 m2=1.21 | ratio=1.1016 ***
[23:01:16]     [  8] cos=0.836355 | diff=1.1177 | m1=2.04 m2=1.76 | ratio=1.1575 *** !!!
[23:01:16]     [  9] cos=0.808353 | diff=0.8694 | m1=1.47 m2=1.24 | ratio=1.1916 ***
[23:01:16]     [ 10] cos=0.864143 | diff=1.0079 | m1=1.99 m2=1.83 | ratio=1.0853 *** !!!
[23:01:16]     [ 11] cos=0.900235 | diff=1.1047 | m1=2.54 m2=2.24 | ratio=1.1329 !!!
[23:01:16]     [ 12] cos=0.761784 | diff=1.0818 | m1=1.65 m2=1.42 | ratio=1.1628 *** !!!
[23:01:16]     [ 13] cos=0.832302 | diff=0.9298 | m1=1.68 m2=1.42 | ratio=1.1768 ***
[23:01:16] 
  Top 5 tokens by diff norm:
[23:01:16]     Token 8: diff_norm=1.1177, cos=0.836355
[23:01:16]     Token 11: diff_norm=1.1047, cos=0.900235
[23:01:16]     Token 12: diff_norm=1.0818, cos=0.761784
[23:01:16]     Token 10: diff_norm=1.0079, cos=0.864143
[23:01:16]     Token 13: diff_norm=0.9298, cos=0.832302
[23:01:16] 
  --- Layer 30 o_proj ---
[23:01:16]   M1 shape: (14, 7168), M2 shape: (14, 7168)
[23:01:16]   Seq len: 14
[23:01:16]   Avg cosine sim: 0.936981
[23:01:16]   Min cosine sim: 0.839811 (token 13)
[23:01:16]   Max diff norm: 6.7900 (token 13)
[23:01:16]   Avg diff norm: 2.6896
[23:01:16] 
  Per-token breakdown (pos: cos_sim | diff_norm | m1_norm | m2_norm | ratio):
[23:01:16]     [  0] cos=0.997559 | diff=0.1476 | m1=2.11 m2=2.11 | ratio=1.0004
[23:01:16]     [  1] cos=0.994705 | diff=0.7556 | m1=7.20 m2=7.01 | ratio=1.0270
[23:01:16]     [  2] cos=0.981254 | diff=0.9368 | m1=4.86 m2=4.79 | ratio=1.0152
[23:01:16]     [  3] cos=0.979481 | diff=1.3574 | m1=6.12 m2=6.56 | ratio=0.9330
[23:01:16]     [  4] cos=0.976274 | diff=1.7677 | m1=8.06 m2=8.15 | ratio=0.9885
[23:01:16]     [  5] cos=0.956257 | diff=1.5533 | m1=5.30 m2=4.98 | ratio=1.0649
[23:01:16]     [  6] cos=0.973327 | diff=2.0608 | m1=8.98 m2=8.72 | ratio=1.0302
[23:01:16]     [  7] cos=0.902839 | diff=2.3320 | m1=5.42 m2=4.84 | ratio=1.1207 ***
[23:01:16]     [  8] cos=0.915199 | diff=2.7340 | m1=6.78 m2=6.34 | ratio=1.0686 ***
[23:01:16]     [  9] cos=0.927859 | diff=3.8862 | m1=10.37 m2=9.26 | ratio=1.1207
[23:01:16]     [ 10] cos=0.900221 | diff=4.0459 | m1=9.03 m2=9.08 | ratio=0.9946 *** !!!
[23:01:16]     [ 11] cos=0.884153 | diff=4.0274 | m1=8.48 m2=8.22 | ratio=1.0316 ***
[23:01:16]     [ 12] cos=0.888798 | diff=5.2600 | m1=11.13 m2=11.17 | ratio=0.9967 *** !!!
[23:01:16]     [ 13] cos=0.839811 | diff=6.7900 | m1=12.43 m2=9.70 | ratio=1.2815 *** !!!
[23:01:16] 
  Top 5 tokens by diff norm:
[23:01:16]     Token 13: diff_norm=6.7900, cos=0.839811
[23:01:16]     Token 12: diff_norm=5.2600, cos=0.888798
[23:01:16]     Token 10: diff_norm=4.0459, cos=0.900221
[23:01:16]     Token 11: diff_norm=4.0274, cos=0.884153
[23:01:16]     Token 9: diff_norm=3.8862, cos=0.927859
[23:01:16] 
  --- Layer 45 o_proj ---
[23:01:16]   M1 shape: (14, 7168), M2 shape: (14, 7168)
[23:01:16]   Seq len: 14
[23:01:16]   Avg cosine sim: 0.908448
[23:01:16]   Min cosine sim: 0.768984 (token 12)
[23:01:16]   Max diff norm: 15.6571 (token 13)
[23:01:16]   Avg diff norm: 6.6399
[23:01:16] 
  Per-token breakdown (pos: cos_sim | diff_norm | m1_norm | m2_norm | ratio):
[23:01:16]     [  0] cos=0.995685 | diff=0.8935 | m1=9.62 m2=9.62 | ratio=0.9997
[23:01:16]     [  1] cos=0.998621 | diff=0.3952 | m1=7.53 m2=7.51 | ratio=1.0025
[23:01:16]     [  2] cos=0.972812 | diff=2.9428 | m1=12.66 m2=12.06 | ratio=1.0493
[23:01:16]     [  3] cos=0.954264 | diff=3.9805 | m1=13.31 m2=12.63 | ratio=1.0540
[23:01:16]     [  4] cos=0.909030 | diff=5.3223 | m1=12.76 m2=11.84 | ratio=1.0780
[23:01:16]     [  5] cos=0.973662 | diff=2.1952 | m1=9.63 m2=9.37 | ratio=1.0276
[23:01:16]     [  6] cos=0.940892 | diff=4.2700 | m1=12.59 m2=12.07 | ratio=1.0427
[23:01:16]     [  7] cos=0.944941 | diff=3.3619 | m1=10.27 m2=9.59 | ratio=1.0710
[23:01:16]     [  8] cos=0.860739 | diff=8.0955 | m1=15.85 m2=12.96 | ratio=1.2227 ***
[23:01:16]     [  9] cos=0.872319 | diff=10.6313 | m1=21.62 m2=17.72 | ratio=1.2202 *** !!!
[23:01:16]     [ 10] cos=0.895889 | diff=8.1327 | m1=18.26 m2=16.96 | ratio=1.0765 ***
[23:01:16]     [ 11] cos=0.835018 | diff=13.0495 | m1=22.88 m2=22.54 | ratio=1.0147 *** !!!
[23:01:16]     [ 12] cos=0.768984 | diff=14.0309 | m1=21.70 m2=18.78 | ratio=1.1560 *** !!!
[23:01:16]     [ 13] cos=0.795417 | diff=15.6571 | m1=24.91 m2=23.97 | ratio=1.0393 *** !!!
[23:01:16] 
  Top 5 tokens by diff norm:
[23:01:16]     Token 13: diff_norm=15.6571, cos=0.795417
[23:01:16]     Token 12: diff_norm=14.0309, cos=0.768984
[23:01:16]     Token 11: diff_norm=13.0495, cos=0.835018
[23:01:16]     Token 9: diff_norm=10.6313, cos=0.872319
[23:01:16]     Token 10: diff_norm=8.1327, cos=0.895889
[23:01:16] 
  --- Layer 59 o_proj ---
[23:01:16]   M1 shape: (14, 7168), M2 shape: (14, 7168)
[23:01:16]   Seq len: 14
[23:01:16]   Avg cosine sim: 0.923685
[23:01:16]   Min cosine sim: 0.835904 (token 7)
[23:01:16]   Max diff norm: 36.9744 (token 12)
[23:01:16]   Avg diff norm: 20.7139
[23:01:16] 
  Per-token breakdown (pos: cos_sim | diff_norm | m1_norm | m2_norm | ratio):
[23:01:16]     [  0] cos=0.989395 | diff=11.0388 | m1=75.98 m2=74.97 | ratio=1.0136
[23:01:16]     [  1] cos=0.996225 | diff=7.7493 | m1=89.20 m2=89.17 | ratio=1.0004
[23:01:16]     [  2] cos=0.975081 | diff=13.6493 | m1=60.27 m2=56.03 | ratio=1.0757
[23:01:16]     [  3] cos=0.971796 | diff=11.7410 | m1=49.14 m2=45.86 | ratio=1.0715
[23:01:16]     [  4] cos=0.949210 | diff=13.9340 | m1=44.28 m2=41.91 | ratio=1.0566
[23:01:16]     [  5] cos=0.919220 | diff=20.1297 | m1=51.07 m2=47.89 | ratio=1.0663
[23:01:16]     [  6] cos=0.874878 | diff=28.2047 | m1=57.61 m2=46.29 | ratio=1.2446 ***
[23:01:16]     [  7] cos=0.835904 | diff=19.2401 | m1=34.09 m2=32.98 | ratio=1.0336 ***
[23:01:16]     [  8] cos=0.916911 | diff=23.5337 | m1=58.16 m2=49.45 | ratio=1.1761
[23:01:16]     [  9] cos=0.944849 | diff=28.2154 | m1=81.76 m2=68.35 | ratio=1.1961
[23:01:16]     [ 10] cos=0.953742 | diff=19.0632 | m1=61.25 m2=53.48 | ratio=1.1453
[23:01:16]     [ 11] cos=0.922471 | diff=24.1902 | m1=62.24 m2=54.61 | ratio=1.1397
[23:01:16]     [ 12] cos=0.844492 | diff=36.9744 | m1=69.04 m2=58.51 | ratio=1.1798 *** !!!
[23:01:16]     [ 13] cos=0.837418 | diff=32.3305 | m1=58.29 m2=54.30 | ratio=1.0735 *** !!!
[23:01:16] 
  Top 5 tokens by diff norm:
[23:01:16]     Token 12: diff_norm=36.9744, cos=0.844492
[23:01:16]     Token 13: diff_norm=32.3305, cos=0.837418
[23:01:16]     Token 9: diff_norm=28.2154, cos=0.944849
[23:01:16]     Token 6: diff_norm=28.2047, cos=0.874878
[23:01:16]     Token 11: diff_norm=24.1902, cos=0.922471
[23:01:16] 
======================================================================
[23:01:16] PROMPT: long
[23:01:16]   [user]: 'Please explain the difference between functional programming and object-oriented programming in detail.'
[23:01:16] ----------------------------------------------------------------------
[23:01:16] 
  --- Layer 0 o_proj ---
[23:01:16]   M1 shape: (17, 7168), M2 shape: (17, 7168)
[23:01:16]   Seq len: 17
[23:01:16]   Avg cosine sim: 0.996046
[23:01:16]   Min cosine sim: 0.975858 (token 16)
[23:01:16]   Max diff norm: 0.2553 (token 16)
[23:01:16]   Avg diff norm: 0.1133
[23:01:16] 
  Per-token breakdown (pos: cos_sim | diff_norm | m1_norm | m2_norm | ratio):
[23:01:16]     [  0] cos=0.995844 | diff=0.1266 | m1=1.39 m2=1.39 | ratio=1.0013
[23:01:16]     [  1] cos=0.987610 | diff=0.2472 | m1=1.54 m2=1.57 | ratio=0.9806 !!!
[23:01:16]     [  2] cos=0.996612 | diff=0.1356 | m1=1.65 m2=1.65 | ratio=0.9987
[23:01:16]     [  3] cos=0.998485 | diff=0.0884 | m1=1.61 m2=1.61 | ratio=0.9991
[23:01:16]     [  4] cos=0.998189 | diff=0.0902 | m1=1.50 m2=1.50 | ratio=1.0015
[23:01:16]     [  5] cos=0.997811 | diff=0.1055 | m1=1.59 m2=1.59 | ratio=0.9994
[23:01:16]     [  6] cos=0.998067 | diff=0.0919 | m1=1.48 m2=1.48 | ratio=1.0006
[23:01:16]     [  7] cos=0.997984 | diff=0.1025 | m1=1.61 m2=1.61 | ratio=0.9994
[23:01:16]     [  8] cos=0.998099 | diff=0.0975 | m1=1.58 m2=1.58 | ratio=1.0004
[23:01:16]     [  9] cos=0.998122 | diff=0.0815 | m1=1.33 m2=1.33 | ratio=1.0028
[23:01:16]     [ 10] cos=0.998789 | diff=0.0848 | m1=1.72 m2=1.72 | ratio=0.9991
[23:01:16]     [ 11] cos=0.998650 | diff=0.0916 | m1=1.76 m2=1.76 | ratio=0.9997
[23:01:16]     [ 12] cos=0.998556 | diff=0.0910 | m1=1.69 m2=1.69 | ratio=1.0007
[23:01:16]     [ 13] cos=0.997794 | diff=0.0867 | m1=1.30 m2=1.31 | ratio=0.9996
[23:01:16]     [ 14] cos=0.998915 | diff=0.0805 | m1=1.73 m2=1.73 | ratio=0.9999
[23:01:16]     [ 15] cos=0.997400 | diff=0.0694 | m1=0.96 m2=0.96 | ratio=1.0002
[23:01:16]     [ 16] cos=0.975858 | diff=0.2553 | m1=1.14 m2=1.17 | ratio=0.9791 *** !!!
[23:01:16] 
  Top 5 tokens by diff norm:
[23:01:16]     Token 16: diff_norm=0.2553, cos=0.975858
[23:01:16]     Token 1: diff_norm=0.2472, cos=0.987610
[23:01:16]     Token 2: diff_norm=0.1356, cos=0.996612
[23:01:16]     Token 0: diff_norm=0.1266, cos=0.995844
[23:01:16]     Token 5: diff_norm=0.1055, cos=0.997811
[23:01:16] 
  --- Layer 15 o_proj ---
[23:01:16]   M1 shape: (17, 7168), M2 shape: (17, 7168)
[23:01:16]   Seq len: 17
[23:01:16]   Avg cosine sim: 0.888930
[23:01:16]   Min cosine sim: 0.737919 (token 16)
[23:01:16]   Max diff norm: 1.8546 (token 16)
[23:01:16]   Avg diff norm: 0.7422
[23:01:16] 
  Per-token breakdown (pos: cos_sim | diff_norm | m1_norm | m2_norm | ratio):
[23:01:16]     [  0] cos=0.997942 | diff=0.0293 | m1=0.46 m2=0.46 | ratio=1.0010
[23:01:16]     [  1] cos=0.908162 | diff=0.5468 | m1=1.20 m2=0.87 | ratio=1.3758
[23:01:16]     [  2] cos=0.738814 | diff=1.0129 | m1=1.16 m2=1.50 | ratio=0.7726 ***
[23:01:16]     [  3] cos=0.883049 | diff=0.7619 | m1=1.52 m2=1.61 | ratio=0.9424
[23:01:16]     [  4] cos=0.821509 | diff=0.6778 | m1=1.03 m2=1.18 | ratio=0.8739 ***
[23:01:16]     [  5] cos=0.883772 | diff=0.7496 | m1=1.60 m2=1.48 | ratio=1.0788
[23:01:16]     [  6] cos=0.858092 | diff=0.6805 | m1=1.31 m2=1.23 | ratio=1.0666 ***
[23:01:16]     [  7] cos=0.897406 | diff=0.8711 | m1=1.91 m2=1.49 | ratio=1.2816
[23:01:16]     [  8] cos=0.937489 | diff=0.7223 | m1=2.07 m2=1.98 | ratio=1.0467
[23:01:16]     [  9] cos=0.918622 | diff=0.6416 | m1=1.62 m2=1.47 | ratio=1.1072
[23:01:16]     [ 10] cos=0.955719 | diff=0.6850 | m1=2.25 m2=1.98 | ratio=1.1388
[23:01:16]     [ 11] cos=0.958470 | diff=0.6621 | m1=2.22 m2=2.32 | ratio=0.9547
[23:01:16]     [ 12] cos=0.923780 | diff=0.7000 | m1=1.80 m2=1.79 | ratio=1.0076
[23:01:16]     [ 13] cos=0.936236 | diff=0.5714 | m1=1.60 m2=1.41 | ratio=1.1381
[23:01:16]     [ 14] cos=0.913191 | diff=0.6495 | m1=1.57 m2=1.55 | ratio=1.0140
[23:01:16]     [ 15] cos=0.841644 | diff=0.8015 | m1=1.35 m2=1.47 | ratio=0.9144 ***
[23:01:16]     [ 16] cos=0.737919 | diff=1.8546 | m1=1.82 m2=2.73 | ratio=0.6667 *** !!!
[23:01:16] 
  Top 5 tokens by diff norm:
[23:01:16]     Token 16: diff_norm=1.8546, cos=0.737919
[23:01:16]     Token 2: diff_norm=1.0129, cos=0.738814
[23:01:16]     Token 7: diff_norm=0.8711, cos=0.897406
[23:01:16]     Token 15: diff_norm=0.8015, cos=0.841644
[23:01:16]     Token 3: diff_norm=0.7619, cos=0.883049
[23:01:16] 
  --- Layer 30 o_proj ---
[23:01:16]   M1 shape: (17, 7168), M2 shape: (17, 7168)
[23:01:16]   Seq len: 17
[23:01:16]   Avg cosine sim: 0.930922
[23:01:16]   Min cosine sim: 0.865670 (token 6)
[23:01:16]   Max diff norm: 5.2944 (token 16)
[23:01:16]   Avg diff norm: 3.2271
[23:01:16] 
  Per-token breakdown (pos: cos_sim | diff_norm | m1_norm | m2_norm | ratio):
[23:01:16]     [  0] cos=0.997492 | diff=0.1495 | m1=2.11 m2=2.11 | ratio=1.0016
[23:01:16]     [  1] cos=0.936644 | diff=2.1913 | m1=6.09 m2=5.21 | ratio=1.1691
[23:01:16]     [  2] cos=0.910630 | diff=3.9851 | m1=9.58 m2=9.17 | ratio=1.0445 ***
[23:01:16]     [  3] cos=0.908087 | diff=3.6701 | m1=8.45 m2=8.65 | ratio=0.9770 ***
[23:01:16]     [  4] cos=0.971024 | diff=2.1401 | m1=8.77 m2=8.95 | ratio=0.9804
[23:01:16]     [  5] cos=0.937102 | diff=3.2150 | m1=9.15 m2=8.95 | ratio=1.0216
[23:01:16]     [  6] cos=0.865670 | diff=4.5863 | m1=8.57 m2=5.81 | ratio=1.4762 ***
[23:01:16]     [  7] cos=0.932226 | diff=2.7714 | m1=7.53 m2=7.53 | ratio=1.0005
[23:01:16]     [  8] cos=0.962420 | diff=2.2413 | m1=7.91 m2=8.25 | ratio=0.9582
[23:01:16]     [  9] cos=0.932778 | diff=2.9558 | m1=7.97 m2=8.13 | ratio=0.9811
[23:01:16]     [ 10] cos=0.969242 | diff=2.0117 | m1=8.15 m2=7.77 | ratio=1.0501
[23:01:16]     [ 11] cos=0.957350 | diff=2.5961 | m1=8.91 m2=8.87 | ratio=1.0039
[23:01:16]     [ 12] cos=0.940487 | diff=3.7612 | m1=10.98 m2=10.79 | ratio=1.0179
[23:01:16]     [ 13] cos=0.916350 | diff=4.7140 | m1=11.74 m2=11.10 | ratio=1.0577 ***
[23:01:16]     [ 14] cos=0.908029 | diff=4.2242 | m1=9.99 m2=9.65 | ratio=1.0353 ***
[23:01:16]     [ 15] cos=0.876331 | diff=4.3536 | m1=8.90 m2=8.56 | ratio=1.0386 ***
[23:01:16]     [ 16] cos=0.903821 | diff=5.2944 | m1=12.18 m2=10.09 | ratio=1.2072 *** !!!
[23:01:16] 
  Top 5 tokens by diff norm:
[23:01:16]     Token 16: diff_norm=5.2944, cos=0.903821
[23:01:16]     Token 13: diff_norm=4.7140, cos=0.916350
[23:01:16]     Token 6: diff_norm=4.5863, cos=0.865670
[23:01:16]     Token 15: diff_norm=4.3536, cos=0.876331
[23:01:16]     Token 14: diff_norm=4.2242, cos=0.908029
[23:01:16] 
  --- Layer 45 o_proj ---
[23:01:16]   M1 shape: (17, 7168), M2 shape: (17, 7168)
[23:01:16]   Seq len: 17
[23:01:16]   Avg cosine sim: 0.912355
[23:01:16]   Min cosine sim: 0.745770 (token 15)
[23:01:16]   Max diff norm: 15.4664 (token 15)
[23:01:16]   Avg diff norm: 7.6714
[23:01:16] 
  Per-token breakdown (pos: cos_sim | diff_norm | m1_norm | m2_norm | ratio):
[23:01:16]     [  0] cos=0.995674 | diff=0.8947 | m1=9.62 m2=9.62 | ratio=0.9997
[23:01:16]     [  1] cos=0.998738 | diff=0.3767 | m1=7.50 m2=7.48 | ratio=1.0028
[23:01:16]     [  2] cos=0.898398 | diff=5.6091 | m1=12.77 m2=11.60 | ratio=1.1004 ***
[23:01:16]     [  3] cos=0.878120 | diff=6.9313 | m1=14.48 m2=12.99 | ratio=1.1143 ***
[23:01:16]     [  4] cos=0.959885 | diff=4.0204 | m1=13.25 m2=14.26 | ratio=0.9295
[23:01:16]     [  5] cos=0.948256 | diff=4.7326 | m1=14.88 m2=13.85 | ratio=1.0745
[23:01:16]     [  6] cos=0.960481 | diff=6.0029 | m1=21.57 m2=20.73 | ratio=1.0403
[23:01:16]     [  7] cos=0.966100 | diff=4.2415 | m1=16.43 m2=15.90 | ratio=1.0330
[23:01:16]     [  8] cos=0.948527 | diff=6.1154 | m1=19.20 m2=18.85 | ratio=1.0186
[23:01:16]     [  9] cos=0.951018 | diff=5.9157 | m1=18.69 m2=19.05 | ratio=0.9810
[23:01:16]     [ 10] cos=0.921606 | diff=5.9407 | m1=15.09 m2=14.90 | ratio=1.0133
[23:01:16]     [ 11] cos=0.918304 | diff=11.1481 | m1=25.88 m2=28.16 | ratio=0.9190
[23:01:16]     [ 12] cos=0.878829 | diff=13.8433 | m1=28.75 m2=27.11 | ratio=1.0605 *** !!!
[23:01:16]     [ 13] cos=0.914909 | diff=9.5555 | m1=23.58 m2=22.41 | ratio=1.0520
[23:01:16]     [ 14] cos=0.821982 | diff=14.8246 | m1=25.96 m2=22.45 | ratio=1.1561 *** !!!
[23:01:16]     [ 15] cos=0.745770 | diff=15.4664 | m1=22.44 m2=20.71 | ratio=1.0834 *** !!!
[23:01:16]     [ 16] cos=0.803433 | diff=14.7953 | m1=24.85 m2=20.11 | ratio=1.2354 *** !!!
[23:01:16] 
  Top 5 tokens by diff norm:
[23:01:16]     Token 15: diff_norm=15.4664, cos=0.745770
[23:01:16]     Token 14: diff_norm=14.8246, cos=0.821982
[23:01:16]     Token 16: diff_norm=14.7953, cos=0.803433
[23:01:16]     Token 12: diff_norm=13.8433, cos=0.878829
[23:01:16]     Token 11: diff_norm=11.1481, cos=0.918304
[23:01:16] 
  --- Layer 59 o_proj ---
[23:01:16]   M1 shape: (17, 7168), M2 shape: (17, 7168)
[23:01:16]   Seq len: 17
[23:01:16]   Avg cosine sim: 0.953431
[23:01:16]   Min cosine sim: 0.829762 (token 15)
[23:01:16]   Max diff norm: 33.3146 (token 15)
[23:01:16]   Avg diff norm: 18.4417
[23:01:16] 
  Per-token breakdown (pos: cos_sim | diff_norm | m1_norm | m2_norm | ratio):
[23:01:16]     [  0] cos=0.989470 | diff=11.0055 | m1=75.98 m2=74.77 | ratio=1.0162
[23:01:16]     [  1] cos=0.996242 | diff=7.6249 | m1=87.85 m2=87.04 | ratio=1.0093
[23:01:16]     [  2] cos=0.950703 | diff=13.8296 | m1=43.19 m2=37.61 | ratio=1.1482
[23:01:16]     [  3] cos=0.952142 | diff=19.4636 | m1=63.66 m2=60.18 | ratio=1.0579
[23:01:16]     [  4] cos=0.952486 | diff=18.9833 | m1=62.32 m2=59.08 | ratio=1.0549
[23:01:16]     [  5] cos=0.967269 | diff=15.9398 | m1=62.05 m2=57.53 | ratio=1.0785
[23:01:16]     [  6] cos=0.977811 | diff=18.4294 | m1=86.97 m2=82.27 | ratio=1.0572
[23:01:16]     [  7] cos=0.976299 | diff=11.8498 | m1=54.48 m2=52.02 | ratio=1.0474
[23:01:16]     [  8] cos=0.975255 | diff=13.3267 | m1=60.16 m2=57.82 | ratio=1.0404
[23:01:16]     [  9] cos=0.973945 | diff=15.4225 | m1=67.26 m2=63.24 | ratio=1.0636
[23:01:16]     [ 10] cos=0.966506 | diff=17.5475 | m1=66.79 m2=60.80 | ratio=1.0985
[23:01:16]     [ 11] cos=0.966210 | diff=20.3276 | m1=77.76 m2=71.76 | ratio=1.0837
[23:01:16]     [ 12] cos=0.927150 | diff=28.1926 | m1=75.16 m2=68.35 | ratio=1.0996 *** !!!
[23:01:16]     [ 13] cos=0.953333 | diff=19.8494 | m1=64.54 m2=57.75 | ratio=1.1175
[23:01:16]     [ 14] cos=0.926473 | diff=27.6136 | m1=72.88 m2=64.33 | ratio=1.1329 ***
[23:01:16]     [ 15] cos=0.829762 | diff=33.3146 | m1=59.31 m2=52.97 | ratio=1.1198 *** !!!
[23:01:16]     [ 16] cos=0.927266 | diff=20.7885 | m1=55.44 m2=50.28 | ratio=1.1026 ***
[23:01:16] 
  Top 5 tokens by diff norm:
[23:01:16]     Token 15: diff_norm=33.3146, cos=0.829762
[23:01:16]     Token 12: diff_norm=28.1926, cos=0.927150
[23:01:16]     Token 14: diff_norm=27.6136, cos=0.926473
[23:01:16]     Token 16: diff_norm=20.7885, cos=0.927266
[23:01:16]     Token 11: diff_norm=20.3276, cos=0.966210
[23:01:16] 
======================================================================
[23:01:16] CROSS-LAYER DIVERGENCE SUMMARY
[23:01:16] ======================================================================
[23:01:16] 
  mixed:
[23:01:16]     L0: avg_cos=0.995988 min_cos=0.968748 max_diff=0.2842 seq_len=20
[23:01:16]     L15: avg_cos=0.846776 min_cos=0.714154 max_diff=2.1479 seq_len=20
[23:01:16]     L30: avg_cos=0.829232 min_cos=0.419735 max_diff=11.6179 seq_len=20
[23:01:16]     L45: avg_cos=0.793483 min_cos=0.549012 max_diff=24.8506 seq_len=20
[23:01:16]     L59: avg_cos=0.886037 min_cos=0.743831 max_diff=43.9455 seq_len=20
[23:01:16] 
  sys_user:
[23:01:16]     L0: avg_cos=0.995713 min_cos=0.972200 max_diff=0.2462 seq_len=14
[23:01:16]     L15: avg_cos=0.901733 min_cos=0.761784 max_diff=1.1177 seq_len=14
[23:01:16]     L30: avg_cos=0.936981 min_cos=0.839811 max_diff=6.7900 seq_len=14
[23:01:16]     L45: avg_cos=0.908448 min_cos=0.768984 max_diff=15.6571 seq_len=14
[23:01:16]     L59: avg_cos=0.923685 min_cos=0.835904 max_diff=36.9744 seq_len=14
[23:01:16] 
  long:
[23:01:16]     L0: avg_cos=0.996046 min_cos=0.975858 max_diff=0.2553 seq_len=17
[23:01:16]     L15: avg_cos=0.888930 min_cos=0.737919 max_diff=1.8546 seq_len=17
[23:01:16]     L30: avg_cos=0.930922 min_cos=0.865670 max_diff=5.2944 seq_len=17
[23:01:16]     L45: avg_cos=0.912355 min_cos=0.745770 max_diff=15.4664 seq_len=17
[23:01:16]     L59: avg_cos=0.953431 min_cos=0.829762 max_diff=33.3146 seq_len=17
[23:01:16] 
======================================================================
[23:01:16] LAYER DIVERGENCE PROGRESSION
[23:01:16] ======================================================================
[23:01:16] 
  mixed:
[23:01:16]     L0: last_token_diff=0.2842 vs avg_other=0.1008 (last/avg=2.82x)
[23:01:16]     L15: last_token_diff=2.1479 vs avg_other=0.9374 (last/avg=2.29x)
[23:01:16]     L30: last_token_diff=6.8093 vs avg_other=5.4203 (last/avg=1.26x)
[23:01:16]     L45: last_token_diff=21.7024 vs avg_other=14.0875 (last/avg=1.54x)
[23:01:16]     L59: last_token_diff=32.6632 vs avg_other=27.7617 (last/avg=1.18x)
[23:01:16] 
  sys_user:
[23:01:16]     L0: last_token_diff=0.2462 vs avg_other=0.1015 (last/avg=2.43x)
[23:01:16]     L15: last_token_diff=0.9298 vs avg_other=0.6185 (last/avg=1.50x)
[23:01:16]     L30: last_token_diff=6.7900 vs avg_other=2.3742 (last/avg=2.86x)
[23:01:16]     L45: last_token_diff=15.6571 vs avg_other=5.9462 (last/avg=2.63x)
[23:01:16]     L59: last_token_diff=32.3305 vs avg_other=19.8203 (last/avg=1.63x)
[23:01:16] 
  long:
[23:01:16]     L0: last_token_diff=0.2553 vs avg_other=0.1044 (last/avg=2.44x)
[23:01:16]     L15: last_token_diff=1.8546 vs avg_other=0.6727 (last/avg=2.76x)
[23:01:16]     L30: last_token_diff=5.2944 vs avg_other=3.0979 (last/avg=1.71x)
[23:01:16]     L45: last_token_diff=14.7953 vs avg_other=7.2262 (last/avg=2.05x)
[23:01:16]     L59: last_token_diff=20.7885 vs avg_other=18.2950 (last/avg=1.14x)
[23:01:16] 
Data saved to /Users/austindanson/Desktop/jane-street-2026-02-24/results/exp50_pertoken.json
[23:01:16] EXPERIMENT 50 COMPLETE
