[01:03:27] LoRA Direction Analysis
[01:03:27] Layer: 40
[01:03:27] Projections: ['o_proj', 'q_b_proj']
[01:03:27] ======================================================================
[01:03:27] 
Downloading weight maps...
[01:03:30] Weight maps loaded.
[01:03:30] 
======================================================================
[01:03:30] PROJECTION: o_proj at Layer 40
[01:03:30] ======================================================================
[01:03:30]   Downloading BASE o_proj...
[01:03:39]   BASE shape: (7168, 16384)
[01:03:39] 
  Downloading M1 o_proj...
[01:03:48]   Computing SVD for M1...
[01:05:16]   M1: delta_norm=6.6932
[01:05:16]   Top 16 SVs: 4.710463, 2.478196, 1.612504, 1.310495, 1.153464, 0.966372, 0.822224, 0.765845, 0.129373, 0.122176, 0.118816, 0.096067, 0.094489, 0.088095, 0.086826, 0.086323
[01:05:16]     Rank-4 energy: 0.728650
[01:05:16]     Rank-8 energy: 0.807367
[01:05:16]     Rank-16 energy: 0.809301
[01:05:16]     SV[7]/SV[8] = 5.9197
[01:05:16] 
  Downloading M2 o_proj...
[01:05:25]   Computing SVD for M2...
[01:06:54]   M2: delta_norm=3.8809
[01:06:54]   Top 16 SVs: 2.250006, 1.585798, 1.017941, 0.710230, 0.603040, 0.381293, 0.367779, 0.296354, 0.143413, 0.139003, 0.107763, 0.107008, 0.098561, 0.090317, 0.085723, 0.083629
[01:06:54]     Rank-4 energy: 0.605261
[01:06:54]     Rank-8 energy: 0.653861
[01:06:54]     Rank-16 energy: 0.660178
[01:06:54]     SV[7]/SV[8] = 2.0664
[01:06:54] 
  Downloading M3 o_proj...
[01:07:03]   Computing SVD for M3...
[01:08:32]   M3: delta_norm=7.1103
[01:08:32]   Top 16 SVs: 4.371278, 2.550758, 2.239686, 1.930358, 1.649402, 1.334451, 1.178656, 1.002158, 0.099717, 0.095944, 0.093629, 0.090264, 0.086805, 0.083515, 0.083209, 0.079780
[01:08:32]     Rank-4 energy: 0.679479
[01:08:32]     Rank-8 energy: 0.815839
[01:08:32]     Rank-16 energy: 0.817102
[01:08:32]     SV[7]/SV[8] = 10.0500
[01:08:32] 
--- Cross-Model Direction Analysis for o_proj ---
[01:08:32] 
  M1 vs M2:
[01:08:32]     U subspace principal angles (cos): 0.4127, 0.3223, 0.3145, 0.2343, 0.2128, 0.1396, 0.1264, 0.0649
[01:08:32]     V subspace principal angles (cos): 0.9329, 0.9153, 0.9069, 0.9004, 0.8691, 0.8161, 0.7261, 0.6777
[01:08:32]     U max overlap: 0.4127, min: 0.0649
[01:08:32]     V max overlap: 0.9329, min: 0.6777
[01:08:32]     Grassmann distance U: 3.8001 (max=4.4429)
[01:08:32]     Grassmann distance V: 1.6137
[01:08:32] 
  M1 vs M3:
[01:08:32]     U subspace principal angles (cos): 0.6327, 0.6162, 0.5715, 0.4270, 0.4004, 0.3129, 0.2249, 0.1508
[01:08:32]     V subspace principal angles (cos): 0.9457, 0.9343, 0.8857, 0.8818, 0.8283, 0.7994, 0.7293, 0.6787
[01:08:32]     U max overlap: 0.6327, min: 0.1508
[01:08:32]     V max overlap: 0.9457, min: 0.6787
[01:08:32]     Grassmann distance U: 3.2469 (max=4.4429)
[01:08:32]     Grassmann distance V: 1.6534
[01:08:32] 
  M2 vs M3:
[01:08:32]     U subspace principal angles (cos): 0.3635, 0.3109, 0.2833, 0.1924, 0.1584, 0.1268, 0.0825, 0.0426
[01:08:32]     V subspace principal angles (cos): 0.9350, 0.8991, 0.8847, 0.8675, 0.8298, 0.8173, 0.7591, 0.6524
[01:08:32]     U max overlap: 0.3635, min: 0.0426
[01:08:32]     V max overlap: 0.9350, min: 0.6524
[01:08:32]     Grassmann distance U: 3.8965 (max=4.4429)
[01:08:32]     Grassmann distance V: 1.6772
[01:08:32] 
--- Direction Statistics for o_proj ---
[01:08:32] 
  M1:
[01:08:32]     U shape: (7168, 8)
[01:08:32]     V shape: (8, 16384)
[01:08:32]     U[0]: sparsity=0.6786, max=0.043419
[01:08:32]       Top dims: [(6025, '-0.043419'), (3771, '0.041434'), (4624, '0.041173'), (1527, '-0.038817'), (528, '0.038741'), (2383, '0.038709'), (4110, '-0.038512'), (1207, '0.038487'), (932, '0.038092'), (1027, '0.037519')]
[01:08:32]     U[1]: sparsity=0.6664, max=0.047293
[01:08:32]       Top dims: [(5700, '0.047293'), (3955, '-0.045398'), (1442, '0.044303'), (4332, '-0.043463'), (99, '-0.043010'), (4349, '-0.041642'), (7086, '0.041424'), (5455, '0.040857'), (4600, '-0.040178'), (3762, '0.040157')]
[01:08:32]     U[2]: sparsity=0.6357, max=0.052608
[01:08:32]       Top dims: [(599, '-0.052608'), (7108, '-0.047999'), (3937, '0.045641'), (3232, '0.045492'), (4375, '-0.045023'), (4789, '0.044448'), (4252, '0.043641'), (6902, '0.043073'), (7002, '-0.040812'), (1085, '-0.040503')]
[01:08:32]     U[3]: sparsity=0.6892, max=0.045011
[01:08:32]       Top dims: [(2020, '0.045011'), (5230, '-0.043963'), (6435, '0.042955'), (2174, '0.042195'), (5745, '0.040427'), (391, '0.040258'), (4798, '-0.039189'), (3062, '0.039075'), (3020, '-0.038836'), (3322, '0.038523')]
[01:08:32]     V[0]: sparsity=0.6014, max=0.036372
[01:08:32]       Top dims: [(12738, '-0.036372'), (3041, '-0.031903'), (12279, '0.029510'), (15562, '-0.029282'), (13421, '0.028999'), (233, '0.028565'), (4983, '0.028496'), (4880, '0.028441'), (10022, '-0.028098'), (12905, '0.028011')]
[01:08:32]     V[1]: sparsity=0.6448, max=0.034941
[01:08:32]       Top dims: [(9975, '-0.034941'), (2434, '0.030120'), (473, '0.028740'), (3100, '-0.028465'), (15947, '0.028433'), (7528, '0.027121'), (2931, '0.025849'), (9706, '0.025793'), (2829, '-0.025687'), (210, '-0.025658')]
[01:08:32]     V[2]: sparsity=0.6923, max=0.030566
[01:08:32]       Top dims: [(3045, '-0.030566'), (6989, '0.029972'), (5093, '-0.029810'), (6902, '0.029410'), (6973, '0.028630'), (6752, '0.028336'), (13285, '-0.028328'), (4745, '-0.027965'), (11732, '0.026989'), (230, '-0.026274')]
[01:08:32]     V[3]: sparsity=0.7535, max=0.026886
[01:08:32]       Top dims: [(13935, '-0.026886'), (5117, '-0.026591'), (3885, '0.025695'), (10452, '-0.025524'), (9291, '-0.025338'), (5388, '0.025029'), (11355, '-0.024868'), (7934, '-0.024846'), (855, '-0.024428'), (14137, '-0.024329')]
[01:08:32] 
  M2:
[01:08:32]     U shape: (7168, 8)
[01:08:32]     V shape: (8, 16384)
[01:08:32]     U[0]: sparsity=0.6500, max=0.042942
[01:08:32]       Top dims: [(2112, '-0.042942'), (6170, '-0.041940'), (4894, '0.041432'), (6964, '-0.041228'), (6429, '0.040937'), (1986, '-0.040286'), (6843, '0.040149'), (6806, '-0.040018'), (4680, '-0.039735'), (2448, '-0.039463')]
[01:08:32]     U[1]: sparsity=0.5917, max=0.053454
[01:08:32]       Top dims: [(671, '-0.053454'), (5278, '-0.053322'), (2342, '-0.051210'), (7088, '-0.050895'), (2440, '-0.050020'), (1142, '-0.049048'), (802, '-0.045882'), (2578, '0.045489'), (5908, '-0.044691'), (4638, '-0.044503')]
[01:08:32]     U[2]: sparsity=0.6122, max=0.051997
[01:08:32]       Top dims: [(615, '0.051997'), (1329, '-0.051360'), (2510, '-0.047099'), (3894, '-0.046823'), (6484, '0.046208'), (3929, '0.045816'), (5773, '0.043277'), (3292, '0.043088'), (3512, '-0.042905'), (2296, '-0.042841')]
[01:08:32]     U[3]: sparsity=0.6186, max=0.053643
[01:08:32]       Top dims: [(3376, '0.053643'), (3252, '-0.049216'), (4614, '-0.048474'), (1987, '-0.043849'), (4477, '0.043771'), (5123, '-0.043203'), (4615, '0.042965'), (2545, '-0.042362'), (581, '0.042309'), (2393, '0.041058')]
[01:08:32]     V[0]: sparsity=0.5561, max=0.037474
[01:08:32]       Top dims: [(3144, '0.037474'), (14822, '-0.032776'), (13446, '-0.032331'), (6675, '0.032275'), (4811, '-0.031801'), (9496, '-0.031487'), (4627, '0.031409'), (5192, '0.030952'), (7904, '-0.030646'), (5856, '-0.030304')]
[01:08:32]     V[1]: sparsity=0.6108, max=0.034339
[01:08:32]       Top dims: [(4574, '0.034339'), (8051, '0.032439'), (3603, '-0.029947'), (13208, '0.029798'), (11605, '-0.029613'), (12931, '0.028694'), (4625, '-0.028642'), (12901, '0.028580'), (11204, '0.028555'), (9805, '0.028505')]
[01:08:32]     V[2]: sparsity=0.6353, max=0.034027
[01:08:32]       Top dims: [(11798, '0.034027'), (9750, '0.030830'), (7622, '-0.029525'), (15219, '0.029473'), (9516, '-0.028616'), (3929, '-0.028585'), (15227, '-0.028573'), (5654, '0.028549'), (10073, '-0.027954'), (3606, '0.027854')]
[01:08:32]     V[3]: sparsity=0.7048, max=0.030161
[01:08:32]       Top dims: [(8246, '-0.030161'), (15968, '0.029158'), (7927, '0.028846'), (13920, '0.028347'), (9824, '0.028264'), (6198, '-0.028207'), (14645, '0.027617'), (54, '-0.027576'), (10274, '0.027288'), (16167, '-0.027287')]
[01:08:32] 
  M3:
[01:08:32]     U shape: (7168, 8)
[01:08:32]     V shape: (8, 16384)
[01:08:32]     U[0]: sparsity=0.7024, max=0.042120
[01:08:32]       Top dims: [(985, '-0.042120'), (6735, '0.041807'), (3897, '0.040367'), (2287, '0.039925'), (6652, '-0.039900'), (269, '0.039510'), (6747, '0.039314'), (2888, '0.039040'), (3744, '-0.038720'), (2020, '0.038400')]
[01:08:32]     U[1]: sparsity=0.6787, max=0.045519
[01:08:32]       Top dims: [(1620, '-0.045519'), (4837, '0.044952'), (4548, '-0.042788'), (301, '0.042702'), (5162, '-0.042094'), (2757, '-0.041078'), (2944, '-0.040838'), (4007, '0.040202'), (6184, '-0.039762'), (4767, '-0.039360')]
[01:08:32]     U[2]: sparsity=0.6429, max=0.051564
[01:08:32]       Top dims: [(6507, '0.051564'), (516, '0.050581'), (2171, '-0.048743'), (431, '-0.044884'), (1585, '0.043796'), (2527, '-0.042247'), (3080, '0.041470'), (1072, '-0.040951'), (849, '0.040715'), (3151, '-0.039972')]
[01:08:32]     U[3]: sparsity=0.6939, max=0.044623
[01:08:32]       Top dims: [(898, '0.044623'), (683, '0.043932'), (366, '0.043215'), (3650, '0.043112'), (6738, '-0.042966'), (6948, '-0.042027'), (1848, '-0.041706'), (7002, '0.041601'), (5991, '0.040879'), (1634, '-0.040767')]
[01:08:32]     V[0]: sparsity=0.6800, max=0.030015
[01:08:32]       Top dims: [(5531, '0.030015'), (10717, '0.029559'), (6690, '0.029457'), (10713, '0.029289'), (13793, '0.029185'), (14756, '-0.028589'), (8182, '-0.028521'), (15791, '0.027996'), (12221, '-0.027979'), (2805, '-0.027607')]
[01:08:32]     V[1]: sparsity=0.7188, max=0.028322
[01:08:32]       Top dims: [(13462, '0.028322'), (14827, '-0.027094'), (7588, '-0.027035'), (9271, '0.026847'), (5769, '-0.026780'), (9374, '0.026616'), (15227, '-0.026207'), (3533, '-0.025791'), (4625, '0.025758'), (2939, '-0.025582')]
[01:08:32]     V[2]: sparsity=0.6605, max=0.034184
[01:08:32]       Top dims: [(6902, '-0.034184'), (14286, '0.028949'), (13953, '-0.028486'), (11779, '0.028132'), (7603, '-0.027541'), (15795, '-0.026985'), (230, '0.026740'), (10980, '0.026383'), (4254, '0.026112'), (2969, '0.025940')]
[01:08:32]     V[3]: sparsity=0.6880, max=0.030708
[01:08:32]       Top dims: [(10407, '0.030708'), (4398, '-0.028435'), (6446, '-0.028396'), (167, '0.028176'), (8359, '0.027882'), (9301, '0.027839'), (6441, '0.027537'), (8904, '0.027416'), (15639, '0.027287'), (14638, '-0.027279')]
[01:08:32] 
======================================================================
[01:08:32] PROJECTION: q_b_proj at Layer 40
[01:08:32] ======================================================================
[01:08:32]   Downloading BASE q_b_proj...
[01:08:35]   BASE shape: (24576, 1536)
[01:08:35] 
  Downloading M1 q_b_proj...
[01:08:38]   Computing SVD for M1...
[01:08:42]   M1: delta_norm=6.0198
[01:08:42]   Top 16 SVs: 5.258508, 0.992620, 0.682619, 0.481432, 0.306611, 0.285099, 0.280628, 0.268418, 0.246785, 0.136295, 0.124363, 0.113741, 0.110320, 0.107199, 0.105328, 0.104872
[01:08:42]     Rank-4 energy: 0.809476
[01:08:42]     Rank-8 energy: 0.818474
[01:08:42]     Rank-16 energy: 0.822714
[01:08:42]     SV[7]/SV[8] = 1.0877
[01:08:42] 
  Downloading M2 q_b_proj...
[01:08:45]   Computing SVD for M2...
[01:08:48]   M2: delta_norm=2.1371
[01:08:48]   Top 16 SVs: 1.494534, 0.318046, 0.257369, 0.234698, 0.206490, 0.194603, 0.162859, 0.143325, 0.111998, 0.078125, 0.077038, 0.076739, 0.076349, 0.075025, 0.074670, 0.074129
[01:08:48]     Rank-4 energy: 0.537713
[01:08:48]     Rank-8 energy: 0.565642
[01:08:48]     Rank-16 energy: 0.577245
[01:08:48]     SV[7]/SV[8] = 1.2797
[01:08:48] 
  Downloading M3 q_b_proj...
[01:08:51]   Computing SVD for M3...
[01:08:55]   M3: delta_norm=5.0529
[01:08:55]   Top 16 SVs: 3.621511, 1.627457, 1.466293, 0.647810, 0.633774, 0.471442, 0.459413, 0.265663, 0.188025, 0.153711, 0.148687, 0.142947, 0.132928, 0.130222, 0.111315, 0.108060
[01:08:55]     Rank-4 energy: 0.718039
[01:08:55]     Rank-8 energy: 0.753506
[01:08:55]     Rank-16 energy: 0.759780
[01:08:55]     SV[7]/SV[8] = 1.4129
[01:08:55] 
--- Cross-Model Direction Analysis for q_b_proj ---
[01:08:55] 
  M1 vs M2:
[01:08:55]     U subspace principal angles (cos): 0.4421, 0.2899, 0.2614, 0.2487, 0.2205, 0.1813, 0.0876, 0.0251
[01:08:55]     V subspace principal angles (cos): 0.9002, 0.8958, 0.8911, 0.8782, 0.8622, 0.8393, 0.6537, 0.1312
[01:08:55]     U max overlap: 0.4421, min: 0.0251
[01:08:55]     V max overlap: 0.9002, min: 0.1312
[01:08:55]     Grassmann distance U: 3.8277 (max=4.4429)
[01:08:55]     Grassmann distance V: 2.0752
[01:08:55] 
  M1 vs M3:
[01:08:55]     U subspace principal angles (cos): 0.7067, 0.5211, 0.4594, 0.3812, 0.3155, 0.2499, 0.2177, 0.0580
[01:08:55]     V subspace principal angles (cos): 0.9467, 0.9337, 0.9243, 0.8904, 0.8533, 0.8078, 0.6442, 0.1362
[01:08:55]     U max overlap: 0.7067, min: 0.0580
[01:08:55]     V max overlap: 0.9467, min: 0.1362
[01:08:55]     Grassmann distance U: 3.4154 (max=4.4429)
[01:08:55]     Grassmann distance V: 2.0326
[01:08:55] 
  M2 vs M3:
[01:08:55]     U subspace principal angles (cos): 0.4663, 0.3004, 0.2546, 0.2514, 0.2188, 0.1695, 0.1132, 0.0910
[01:08:55]     V subspace principal angles (cos): 0.9208, 0.9193, 0.9013, 0.8902, 0.8794, 0.8318, 0.7776, 0.7195
[01:08:55]     U max overlap: 0.4663, min: 0.0910
[01:08:55]     V max overlap: 0.9208, min: 0.7195
[01:08:55]     Grassmann distance U: 3.7864 (max=4.4429)
[01:08:55]     Grassmann distance V: 1.5469
[01:08:55] 
--- Direction Statistics for q_b_proj ---
[01:08:55] 
  M1:
[01:08:55]     U shape: (24576, 8)
[01:08:55]     V shape: (8, 1536)
[01:08:55]     U[0]: sparsity=0.5482, max=0.030312
[01:08:55]       Top dims: [(10586, '-0.030312'), (8889, '-0.029263'), (11647, '-0.028352'), (531, '-0.027970'), (7413, '-0.026302'), (11579, '-0.026299'), (9526, '0.025979'), (2, '-0.025155'), (4509, '0.025079'), (9665, '0.024788')]
[01:08:55]     U[1]: sparsity=0.6297, max=0.027102
[01:08:55]       Top dims: [(12361, '-0.027102'), (17453, '0.025662'), (12304, '0.025480'), (15426, '0.025176'), (15545, '0.024642'), (7616, '0.024231'), (9163, '0.023988'), (17601, '-0.023550'), (15898, '-0.023524'), (21157, '0.023442')]
[01:08:55]     U[2]: sparsity=0.6050, max=0.028882
[01:08:55]       Top dims: [(4034, '0.028882'), (12972, '-0.028555'), (17770, '-0.028475'), (3425, '0.027939'), (3553, '0.027219'), (14861, '0.026946'), (5707, '0.026672'), (14834, '-0.026480'), (15443, '-0.026344'), (16053, '-0.026248')]
[01:08:55]     U[3]: sparsity=0.5994, max=0.030208
[01:08:55]       Top dims: [(20785, '-0.030208'), (20391, '0.028435'), (1339, '-0.026949'), (20437, '0.026567'), (22672, '0.025848'), (13574, '0.024659'), (23688, '0.024643'), (2536, '0.024587'), (11975, '-0.024496'), (2310, '0.024208')]
[01:08:55]     V[0]: sparsity=0.6947, max=0.088048
[01:08:55]       Top dims: [(368, '0.088048'), (658, '-0.078677'), (764, '0.071850'), (691, '-0.071355'), (1468, '-0.071048'), (168, '0.070006'), (1517, '0.068383'), (137, '0.066869'), (1231, '0.066665'), (500, '0.064816')]
[01:08:55]     V[1]: sparsity=0.7773, max=0.077837
[01:08:55]       Top dims: [(104, '0.077837'), (1323, '-0.073522'), (476, '0.072606'), (1107, '-0.071354'), (887, '0.066622'), (539, '-0.066557'), (1227, '0.062835'), (336, '-0.062781'), (1137, '-0.062473'), (1136, '0.061424')]
[01:08:55]     V[2]: sparsity=0.7741, max=0.074384
[01:08:55]       Top dims: [(1519, '0.074384'), (288, '-0.069979'), (591, '-0.069522'), (886, '-0.068603'), (1352, '-0.067787'), (1469, '0.067493'), (530, '-0.064733'), (206, '-0.064333'), (1214, '0.063693'), (881, '-0.062695')]
[01:08:55]     V[3]: sparsity=0.7376, max=0.090186
[01:08:55]       Top dims: [(420, '0.090186'), (358, '0.083923'), (26, '-0.081518'), (924, '0.077671'), (1104, '0.077477'), (1203, '-0.076042'), (1298, '0.072883'), (240, '0.069916'), (661, '-0.069738'), (1187, '-0.069471')]
[01:08:55] 
  M2:
[01:08:55]     U shape: (24576, 8)
[01:08:55]     V shape: (8, 1536)
[01:08:55]     U[0]: sparsity=0.4465, max=0.033069
[01:08:55]       Top dims: [(14391, '0.033069'), (10049, '-0.032375'), (21874, '-0.031830'), (7092, '0.030829'), (10021, '-0.030514'), (18367, '0.029121'), (9665, '-0.028858'), (21220, '0.028672'), (23658, '0.027975'), (7123, '-0.027621')]
[01:08:55]     U[1]: sparsity=0.4400, max=0.039365
[01:08:55]       Top dims: [(8916, '-0.039365'), (10452, '-0.035954'), (14768, '-0.035754'), (21633, '-0.034078'), (16427, '-0.033966'), (2344, '0.032319'), (10556, '-0.031946'), (14348, '-0.031500'), (7094, '-0.031398'), (8526, '0.030311')]
[01:08:55]     U[2]: sparsity=0.4698, max=0.037431
[01:08:55]       Top dims: [(1342, '-0.037431'), (1331, '-0.036908'), (1337, '-0.035750'), (22582, '-0.035438'), (1343, '-0.034758'), (676, '0.033796'), (8455, '0.033617'), (13427, '-0.033477'), (11115, '-0.032817'), (4142, '-0.032679')]
[01:08:55]     U[3]: sparsity=0.4785, max=0.035667
[01:08:55]       Top dims: [(8927, '0.035667'), (3334, '0.035471'), (11381, '0.034302'), (17350, '0.033662'), (8877, '0.033367'), (10983, '0.033324'), (17838, '-0.032304'), (14265, '-0.032221'), (11154, '0.031492'), (8863, '0.031353')]
[01:08:55]     V[0]: sparsity=0.5260, max=0.110157
[01:08:55]       Top dims: [(771, '0.110157'), (311, '0.103379'), (617, '-0.099220'), (420, '-0.098280'), (358, '-0.091863'), (1187, '0.090375'), (1236, '0.087855'), (148, '0.087852'), (607, '0.081092'), (873, '-0.080998')]
[01:08:55]     V[1]: sparsity=0.6504, max=0.097886
[01:08:55]       Top dims: [(304, '-0.097886'), (420, '0.090246'), (298, '-0.083983'), (883, '0.083864'), (510, '0.082668'), (936, '-0.082506'), (491, '-0.079244'), (395, '0.078652'), (293, '-0.076742'), (1446, '-0.075768')]
[01:08:55]     V[2]: sparsity=0.6556, max=0.103486
[01:08:55]       Top dims: [(221, '0.103486'), (258, '-0.092899'), (607, '0.091790'), (1130, '0.090075'), (562, '0.087021'), (1017, '-0.085242'), (394, '-0.084671'), (120, '-0.080038'), (770, '-0.079731'), (659, '0.078588')]
[01:08:55]     V[3]: sparsity=0.6296, max=0.109378
[01:08:55]       Top dims: [(358, '-0.109378'), (1468, '0.104327'), (764, '-0.102858'), (658, '0.091028'), (500, '-0.090168'), (220, '0.090138'), (521, '0.086468'), (109, '-0.085030'), (26, '-0.084089'), (1102, '0.083782')]
[01:08:55] 
  M3:
[01:08:55]     U shape: (24576, 8)
[01:08:55]     V shape: (8, 1536)
[01:08:55]     U[0]: sparsity=0.5763, max=0.028574
[01:08:55]       Top dims: [(20286, '-0.028574'), (2474, '0.028143'), (2063, '0.026636'), (14113, '-0.026583'), (8582, '-0.026289'), (17980, '0.026198'), (7007, '0.025991'), (12419, '-0.025611'), (1114, '0.025204'), (18958, '-0.024940')]
[01:08:55]     U[1]: sparsity=0.5565, max=0.032402
[01:08:55]       Top dims: [(14869, '0.032402'), (4720, '-0.029633'), (13181, '0.029323'), (1984, '0.028119'), (9817, '0.027735'), (10340, '0.027399'), (20574, '-0.027352'), (17974, '-0.026810'), (340, '-0.026664'), (6949, '-0.026620')]
[01:08:55]     U[2]: sparsity=0.5567, max=0.033406
[01:08:55]       Top dims: [(11847, '0.033406'), (8100, '0.030077'), (2956, '-0.029062'), (10074, '0.028642'), (1170, '0.028296'), (9665, '0.027819'), (14802, '0.027720'), (23567, '-0.027543'), (4609, '-0.026974'), (12895, '0.026617')]
[01:08:55]     U[3]: sparsity=0.5653, max=0.033704
[01:08:55]       Top dims: [(23402, '0.033704'), (18015, '0.030648'), (16784, '0.028538'), (7156, '-0.028526'), (15496, '-0.027794'), (23907, '0.027006'), (11383, '-0.026634'), (17022, '0.025884'), (11434, '-0.025551'), (15354, '-0.025024')]
[01:08:55]     V[0]: sparsity=0.6270, max=0.102596
[01:08:55]       Top dims: [(358, '0.102596'), (220, '-0.101890'), (1021, '-0.093042'), (1028, '-0.088956'), (1104, '0.088246'), (1160, '-0.086367'), (966, '0.082049'), (1468, '-0.081312'), (1115, '-0.081205'), (1236, '-0.078652')]
[01:08:55]     V[1]: sparsity=0.7253, max=0.085609
[01:08:55]       Top dims: [(1001, '-0.085609'), (1047, '-0.082174'), (613, '0.081972'), (583, '-0.080208'), (810, '0.077172'), (1323, '0.076789'), (1447, '0.075440'), (254, '0.071992'), (120, '-0.071876'), (706, '0.070314')]
[01:08:55]     V[2]: sparsity=0.7246, max=0.084765
[01:08:55]       Top dims: [(1262, '-0.084765'), (1186, '0.082671'), (1158, '-0.077265'), (723, '-0.074346'), (1194, '-0.073113'), (54, '0.072525'), (211, '-0.070446'), (776, '0.068996'), (74, '0.068623'), (253, '-0.068476')]
[01:08:55]     V[3]: sparsity=0.7298, max=0.082481
[01:08:55]       Top dims: [(982, '-0.082481'), (939, '-0.080856'), (551, '0.075881'), (985, '-0.075464'), (368, '-0.072418'), (1513, '-0.072398'), (180, '0.071579'), (1448, '0.070588'), (129, '0.069070'), (855, '-0.068476')]
[01:08:55] 
Results saved to /Users/austindanson/Desktop/jane-street-2026-02-24/results/lora_directions.json
[01:08:55] DIRECTION ANALYSIS COMPLETE
